<?xml version="1.0" encoding="UTF-8"?>
<testng-results ignored="0" total="4" passed="2" failed="1" skipped="1">
  <reporter-output>
  </reporter-output>
  <suite started-at="2024-03-14T15:22:05 IST" name="Suite" finished-at="2024-03-14T15:25:09 IST" duration-ms="183480">
    <groups>
      <group name="All_Tests">
        <method signature="TC6_AccountsFlow.accountsFlow()[pri:0, instance:com.kvp.testcases.Android.TC6_AccountsFlow@e8df99a]" name="accountsFlow" class="com.kvp.testcases.Android.TC6_AccountsFlow"/>
        <method signature="TC7_AddNewAccounts.addNewAccount()[pri:0, instance:com.kvp.testcases.Android.TC7_AddNewAccounts@49cb9cb5]" name="addNewAccount" class="com.kvp.testcases.Android.TC7_AddNewAccounts"/>
        <method signature="TC8_EditAccounts.accountsFlow()[pri:0, instance:com.kvp.testcases.Android.TC8_EditAccounts@55322aab]" name="accountsFlow" class="com.kvp.testcases.Android.TC8_EditAccounts"/>
      </group> <!-- All_Tests -->
      <group name="Regression">
        <method signature="TC6_AccountsFlow.accountsFlow()[pri:0, instance:com.kvp.testcases.Android.TC6_AccountsFlow@e8df99a]" name="accountsFlow" class="com.kvp.testcases.Android.TC6_AccountsFlow"/>
      </group> <!-- Regression -->
    </groups>
    <test started-at="2024-03-14T15:22:05 IST" name="End to end Framework Test" finished-at="2024-03-14T15:25:09 IST" duration-ms="183480">
      <class name="com.kvp.testcases.Android.TC7_AddNewAccounts">
        <test-method is-config="true" signature="configureAppium()[pri:0, instance:com.kvp.testcases.Android.TC7_AddNewAccounts@49cb9cb5]" started-at="2024-03-14T15:23:10 IST" name="configureAppium" finished-at="2024-03-14T15:23:22 IST" duration-ms="12233" status="PASS">
          <reporter-output>
          </reporter-output>
        </test-method> <!-- configureAppium -->
        <test-method signature="addNewAccount()[pri:0, instance:com.kvp.testcases.Android.TC7_AddNewAccounts@49cb9cb5]" started-at="2024-03-14T15:23:22 IST" name="addNewAccount" finished-at="2024-03-14T15:24:29 IST" duration-ms="66674" status="PASS">
          <reporter-output>
          </reporter-output>
        </test-method> <!-- addNewAccount -->
        <test-method is-config="true" signature="tearDown()[pri:0, instance:com.kvp.testcases.Android.TC7_AddNewAccounts@49cb9cb5]" started-at="2024-03-14T15:24:29 IST" name="tearDown" finished-at="2024-03-14T15:24:29 IST" duration-ms="598" status="PASS">
          <reporter-output>
          </reporter-output>
        </test-method> <!-- tearDown -->
      </class> <!-- com.kvp.testcases.Android.TC7_AddNewAccounts -->
      <class name="com.kvp.testcases.Android.Testtempresult">
        <test-method signature="skipVerification()[pri:0, instance:com.kvp.testcases.Android.Testtempresult@2b4c1d96]" started-at="2024-03-14T15:25:09 IST" name="skipVerification" finished-at="2024-03-14T15:25:09 IST" duration-ms="1" status="SKIP">
          <exception class="org.testng.SkipException">
            <message>
              <![CDATA[this execution skipped]]>
            </message>
            <full-stacktrace>
              <![CDATA[org.testng.SkipException: this execution skipped
at com.kvp.testcases.Android.Testtempresult.skipVerification(Testtempresult.java:10)
at java.base/jdk.internal.reflect.NativeMethodAccessorImpl.invoke0(Native Method)
at java.base/jdk.internal.reflect.NativeMethodAccessorImpl.invoke(NativeMethodAccessorImpl.java:77)
at java.base/jdk.internal.reflect.DelegatingMethodAccessorImpl.invoke(DelegatingMethodAccessorImpl.java:43)
at java.base/java.lang.reflect.Method.invoke(Method.java:568)
at org.testng.internal.invokers.MethodInvocationHelper.invokeMethod(MethodInvocationHelper.java:139)
at org.testng.internal.invokers.TestInvoker.invokeMethod(TestInvoker.java:664)
at org.testng.internal.invokers.TestInvoker.invokeTestMethod(TestInvoker.java:228)
at org.testng.internal.invokers.MethodRunner.runInSequence(MethodRunner.java:63)
at org.testng.internal.invokers.TestInvoker$MethodInvocationAgent.invoke(TestInvoker.java:961)
at org.testng.internal.invokers.TestInvoker.invokeTestMethods(TestInvoker.java:201)
at org.testng.internal.invokers.TestMethodWorker.invokeTestMethods(TestMethodWorker.java:148)
at org.testng.internal.invokers.TestMethodWorker.run(TestMethodWorker.java:128)
at java.base/java.util.ArrayList.forEach(ArrayList.java:1511)
at org.testng.TestRunner.privateRun(TestRunner.java:819)
at org.testng.TestRunner.run(TestRunner.java:619)
at org.testng.SuiteRunner.runTest(SuiteRunner.java:443)
at org.testng.SuiteRunner.runSequentially(SuiteRunner.java:437)
at org.testng.SuiteRunner.privateRun(SuiteRunner.java:397)
at org.testng.SuiteRunner.run(SuiteRunner.java:336)
at org.testng.SuiteRunnerWorker.runSuite(SuiteRunnerWorker.java:52)
at org.testng.SuiteRunnerWorker.run(SuiteRunnerWorker.java:95)
at org.testng.TestNG.runSuitesSequentially(TestNG.java:1301)
at org.testng.TestNG.runSuitesLocally(TestNG.java:1228)
at org.testng.TestNG.runSuites(TestNG.java:1134)
at org.testng.TestNG.run(TestNG.java:1101)
at org.testng.remote.AbstractRemoteTestNG.run(AbstractRemoteTestNG.java:115)
at org.testng.remote.RemoteTestNG.initAndRun(RemoteTestNG.java:251)
at org.testng.remote.RemoteTestNG.main(RemoteTestNG.java:77)
]]>
            </full-stacktrace>
          </exception> <!-- org.testng.SkipException -->
          <reporter-output>
          </reporter-output>
        </test-method> <!-- skipVerification -->
      </class> <!-- com.kvp.testcases.Android.Testtempresult -->
      <class name="com.kvp.testcases.Android.TC8_EditAccounts">
        <test-method is-config="true" signature="configureAppium()[pri:0, instance:com.kvp.testcases.Android.TC8_EditAccounts@55322aab]" started-at="2024-03-14T15:24:29 IST" name="configureAppium" finished-at="2024-03-14T15:24:41 IST" duration-ms="12211" status="PASS">
          <reporter-output>
          </reporter-output>
        </test-method> <!-- configureAppium -->
        <test-method signature="accountsFlow()[pri:0, instance:com.kvp.testcases.Android.TC8_EditAccounts@55322aab]" started-at="2024-03-14T15:24:41 IST" name="accountsFlow" finished-at="2024-03-14T15:25:07 IST" duration-ms="25628" status="FAIL">
          <exception class="org.openqa.selenium.NoSuchElementException">
            <message>
              <![CDATA[Can't locate an element by this strategy: By.chained({By.xpath: //android.widget.Button[@content-desc="Edit Account Details"]})]]>
            </message>
            <full-stacktrace>
              <![CDATA[org.openqa.selenium.NoSuchElementException: Can't locate an element by this strategy: By.chained({By.xpath: //android.widget.Button[@content-desc="Edit Account Details"]})
at io.appium.java_client.pagefactory.AppiumElementLocator.findElement(AppiumElementLocator.java:166)
at io.appium.java_client.pagefactory.interceptors.InterceptorOfASingleElement.call(InterceptorOfASingleElement.java:64)
at io.appium.java_client.proxy.Interceptor.intercept(Interceptor.java:77)
at org.openqa.selenium.remote.RemoteWebElement$ByteBuddy$2Hsg4dP6.click(Unknown Source)
at com.kvp.pageobject.android.Page_AccountDetails.editAccount(Page_AccountDetails.java:47)
at com.kvp.testcases.Android.TC8_EditAccounts.accountsFlow(TC8_EditAccounts.java:24)
at java.base/jdk.internal.reflect.NativeMethodAccessorImpl.invoke0(Native Method)
at java.base/jdk.internal.reflect.NativeMethodAccessorImpl.invoke(NativeMethodAccessorImpl.java:77)
at java.base/jdk.internal.reflect.DelegatingMethodAccessorImpl.invoke(DelegatingMethodAccessorImpl.java:43)
at java.base/java.lang.reflect.Method.invoke(Method.java:568)
at org.testng.internal.invokers.MethodInvocationHelper.invokeMethod(MethodInvocationHelper.java:139)
at org.testng.internal.invokers.TestInvoker.invokeMethod(TestInvoker.java:664)
at org.testng.internal.invokers.TestInvoker.invokeTestMethod(TestInvoker.java:228)
at org.testng.internal.invokers.MethodRunner.runInSequence(MethodRunner.java:63)
at org.testng.internal.invokers.TestInvoker$MethodInvocationAgent.invoke(TestInvoker.java:961)
at org.testng.internal.invokers.TestInvoker.invokeTestMethods(TestInvoker.java:201)
at org.testng.internal.invokers.TestMethodWorker.invokeTestMethods(TestMethodWorker.java:148)
at org.testng.internal.invokers.TestMethodWorker.run(TestMethodWorker.java:128)
at java.base/java.util.ArrayList.forEach(ArrayList.java:1511)
at org.testng.TestRunner.privateRun(TestRunner.java:819)
at org.testng.TestRunner.run(TestRunner.java:619)
at org.testng.SuiteRunner.runTest(SuiteRunner.java:443)
at org.testng.SuiteRunner.runSequentially(SuiteRunner.java:437)
at org.testng.SuiteRunner.privateRun(SuiteRunner.java:397)
at org.testng.SuiteRunner.run(SuiteRunner.java:336)
at org.testng.SuiteRunnerWorker.runSuite(SuiteRunnerWorker.java:52)
at org.testng.SuiteRunnerWorker.run(SuiteRunnerWorker.java:95)
at org.testng.TestNG.runSuitesSequentially(TestNG.java:1301)
at org.testng.TestNG.runSuitesLocally(TestNG.java:1228)
at org.testng.TestNG.runSuites(TestNG.java:1134)
at org.testng.TestNG.run(TestNG.java:1101)
at org.testng.remote.AbstractRemoteTestNG.run(AbstractRemoteTestNG.java:115)
at org.testng.remote.RemoteTestNG.initAndRun(RemoteTestNG.java:251)
at org.testng.remote.RemoteTestNG.main(RemoteTestNG.java:77)
Caused by: org.openqa.selenium.TimeoutException: Expected condition failed: waiting for io.appium.java_client.pagefactory.AppiumElementLocator$WaitingFunction@4f0cdd0f (tried for 1 second(s) with 500 milliseconds interval)
at org.openqa.selenium.support.ui.FluentWait.timeoutException(FluentWait.java:265)
at org.openqa.selenium.support.ui.FluentWait.until(FluentWait.java:228)
at io.appium.java_client.pagefactory.AppiumElementLocator.waitFor(AppiumElementLocator.java:135)
at io.appium.java_client.pagefactory.AppiumElementLocator.findElement(AppiumElementLocator.java:160)
... 33 more
Caused by: org.openqa.selenium.NoSuchElementException: Cannot locate an element using By.chained({By.xpath: //android.widget.Button[@content-desc="Edit Account Details"]})
For documentation on this error, please visit: https://www.selenium.dev/documentation/webdriver/troubleshooting/errors#no-such-element-exception
Build info: version: '4.18.1', revision: 'b1d3319b48'
System info: os.name: 'Windows 10', os.arch: 'amd64', os.version: '10.0', java.version: '17.0.7'
Driver info: driver.version: RemoteWebDriver
at io.appium.java_client.pagefactory.bys.builder.ByChained.findElement(ByChained.java:77)
at org.openqa.selenium.remote.ElementLocation$ElementFinder$1.findElement(ElementLocation.java:139)
at org.openqa.selenium.remote.ElementLocation.findElement(ElementLocation.java:59)
at org.openqa.selenium.remote.RemoteWebDriver.findElement(RemoteWebDriver.java:356)
at org.openqa.selenium.remote.RemoteWebDriver.findElement(RemoteWebDriver.java:350)
at io.appium.java_client.pagefactory.bys.ContentMappedBy.findElement(ContentMappedBy.java:53)
at org.openqa.selenium.remote.ElementLocation$ElementFinder$1.findElement(ElementLocation.java:139)
at org.openqa.selenium.remote.ElementLocation.findElement(ElementLocation.java:59)
at org.openqa.selenium.remote.RemoteWebDriver.findElement(RemoteWebDriver.java:356)
at org.openqa.selenium.remote.RemoteWebDriver.findElement(RemoteWebDriver.java:350)
at io.appium.java_client.pagefactory.AppiumElementLocator.lambda$findElement$1(AppiumElementLocator.java:160)
at io.appium.java_client.pagefactory.AppiumElementLocator$WaitingFunction.apply(AppiumElementLocator.java:217)
at io.appium.java_client.pagefactory.AppiumElementLocator$WaitingFunction.apply(AppiumElementLocator.java:210)
at org.openqa.selenium.support.ui.FluentWait.until(FluentWait.java:203)
... 35 more
]]>
            </full-stacktrace>
          </exception> <!-- org.openqa.selenium.NoSuchElementException -->
          <reporter-output>
          </reporter-output>
        </test-method> <!-- accountsFlow -->
        <test-method is-config="true" signature="tearDown()[pri:0, instance:com.kvp.testcases.Android.TC8_EditAccounts@55322aab]" started-at="2024-03-14T15:25:08 IST" name="tearDown" finished-at="2024-03-14T15:25:09 IST" duration-ms="774" status="PASS">
          <reporter-output>
          </reporter-output>
        </test-method> <!-- tearDown -->
      </class> <!-- com.kvp.testcases.Android.TC8_EditAccounts -->
      <class name="com.kvp.testcases.Android.TC6_AccountsFlow">
        <test-method is-config="true" signature="configureAppium()[pri:0, instance:com.kvp.testcases.Android.TC6_AccountsFlow@e8df99a]" started-at="2024-03-14T15:22:05 IST" name="configureAppium" finished-at="2024-03-14T15:22:25 IST" duration-ms="20280" status="PASS">
          <reporter-output>
          </reporter-output>
        </test-method> <!-- configureAppium -->
        <test-method signature="accountsFlow()[pri:0, instance:com.kvp.testcases.Android.TC6_AccountsFlow@e8df99a]" started-at="2024-03-14T15:22:25 IST" name="accountsFlow" finished-at="2024-03-14T15:23:09 IST" duration-ms="43411" status="PASS">
          <reporter-output>
          </reporter-output>
        </test-method> <!-- accountsFlow -->
        <test-method is-config="true" signature="tearDown()[pri:0, instance:com.kvp.testcases.Android.TC6_AccountsFlow@e8df99a]" started-at="2024-03-14T15:23:09 IST" name="tearDown" finished-at="2024-03-14T15:23:10 IST" duration-ms="958" status="PASS">
          <reporter-output>
          </reporter-output>
        </test-method> <!-- tearDown -->
      </class> <!-- com.kvp.testcases.Android.TC6_AccountsFlow -->
    </test> <!-- End to end Framework Test -->
  </suite> <!-- Suite -->
</testng-results>
